Started GET "/" for 127.0.0.1 at 2018-02-20 10:57:54 -0500
Processing by WelcomeController#hello as HTML
  Rendering welcome/hello.html.erb within layouts/application
  Rendered welcome/hello.html.erb within layouts/application (0.6ms)
Completed 200 OK in 609ms (Views: 522.1ms)


Started GET "/" for 127.0.0.1 at 2018-02-20 11:03:54 -0500
Processing by WelcomeController#hello as HTML
  Rendering welcome/hello.html.erb within layouts/application
  Rendered welcome/hello.html.erb within layouts/application (0.5ms)
Completed 200 OK in 14ms (Views: 12.9ms)


Started GET "/" for 127.0.0.1 at 2018-02-20 11:08:57 -0500
Processing by WelcomeController#hello as HTML
  Rendering welcome/hello.html.erb within layouts/application
  Rendered welcome/hello.html.erb within layouts/application (0.5ms)
Completed 200 OK in 238ms (Views: 107.4ms)


  [1m[35m (0.1ms)[0m  [1m[34mSELECT sqlite_version(*)[0m
  [1m[35m (0.7ms)[0m  [1m[35mCREATE TABLE "schema_migrations" ("version" varchar NOT NULL PRIMARY KEY)[0m
  [1m[35m (0.6ms)[0m  [1m[35mCREATE TABLE "ar_internal_metadata" ("key" varchar NOT NULL PRIMARY KEY, "value" varchar, "created_at" datetime NOT NULL, "updated_at" datetime NOT NULL)[0m
  [1m[35m (0.1ms)[0m  [1m[34mSELECT "schema_migrations"."version" FROM "schema_migrations" ORDER BY "schema_migrations"."version" ASC[0m
Migrating to CreateBlogs (20180220162717)
  [1m[35m (0.1ms)[0m  [1m[36mbegin transaction[0m
  [1m[35m (0.4ms)[0m  [1m[35mCREATE TABLE "blogs" ("id" INTEGER PRIMARY KEY AUTOINCREMENT NOT NULL, "title" varchar, "content" varchar, "created_at" datetime NOT NULL, "updated_at" datetime NOT NULL)[0m
  [1m[35mSQL (0.1ms)[0m  [1m[32mINSERT INTO "schema_migrations" ("version") VALUES (?)[0m  [["version", "20180220162717"]]
  [1m[35m (0.6ms)[0m  [1m[36mcommit transaction[0m
  [1m[36mActiveRecord::InternalMetadata Load (0.1ms)[0m  [1m[34mSELECT  "ar_internal_metadata".* FROM "ar_internal_metadata" WHERE "ar_internal_metadata"."key" = ? LIMIT ?[0m  [["key", "environment"], ["LIMIT", 1]]
  [1m[35m (0.0ms)[0m  [1m[36mbegin transaction[0m
  [1m[35mSQL (0.2ms)[0m  [1m[32mINSERT INTO "ar_internal_metadata" ("key", "value", "created_at", "updated_at") VALUES (?, ?, ?, ?)[0m  [["key", "environment"], ["value", "development"], ["created_at", "2018-02-20 16:31:53.714952"], ["updated_at", "2018-02-20 16:31:53.714952"]]
  [1m[35m (0.4ms)[0m  [1m[36mcommit transaction[0m
  [1m[35m (0.1ms)[0m  [1m[34mSELECT "schema_migrations"."version" FROM "schema_migrations" ORDER BY "schema_migrations"."version" ASC[0m
  [1m[35m (0.0ms)[0m  [1m[36mbegin transaction[0m
  [1m[35mSQL (0.6ms)[0m  [1m[32mINSERT INTO "blogs" ("title", "content", "created_at", "updated_at") VALUES (?, ?, ?, ?)[0m  [["title", "First"], ["content", "This is my first blog"], ["created_at", "2018-02-20 16:34:23.647223"], ["updated_at", "2018-02-20 16:34:23.647223"]]
  [1m[35m (2.6ms)[0m  [1m[36mcommit transaction[0m
  [1m[35m (0.0ms)[0m  [1m[36mbegin transaction[0m
  [1m[35mSQL (0.4ms)[0m  [1m[32mINSERT INTO "blogs" ("title", "content", "created_at", "updated_at") VALUES (?, ?, ?, ?)[0m  [["title", "2nd blog"], ["content", "This is the content of my second blog"], ["created_at", "2018-02-20 17:04:51.101122"], ["updated_at", "2018-02-20 17:04:51.101122"]]
  [1m[35m (0.4ms)[0m  [1m[36mcommit transaction[0m
  [1m[36mBlog Load (2.8ms)[0m  [1m[34mSELECT  "blogs".* FROM "blogs" LIMIT ?[0m  [["LIMIT", 11]]
Started GET "/" for 127.0.0.1 at 2018-02-20 12:06:51 -0500
  [1m[35m (0.1ms)[0m  [1m[34mSELECT "schema_migrations"."version" FROM "schema_migrations" ORDER BY "schema_migrations"."version" ASC[0m
Processing by WelcomeController#hello as HTML
  Rendering welcome/hello.html.erb within layouts/application
  Rendered welcome/hello.html.erb within layouts/application (0.9ms)
Completed 200 OK in 215ms (Views: 205.8ms | ActiveRecord: 0.0ms)


Started GET "/blogs" for 127.0.0.1 at 2018-02-20 12:09:13 -0500
  
ActionController::RoutingError (No route matches [GET] "/blogs"):
  
actionpack (5.1.5) lib/action_dispatch/middleware/debug_exceptions.rb:63:in `call'
web-console (3.5.1) lib/web_console/middleware.rb:135:in `call_app'
web-console (3.5.1) lib/web_console/middleware.rb:28:in `block in call'
web-console (3.5.1) lib/web_console/middleware.rb:18:in `catch'
web-console (3.5.1) lib/web_console/middleware.rb:18:in `call'
actionpack (5.1.5) lib/action_dispatch/middleware/show_exceptions.rb:31:in `call'
railties (5.1.5) lib/rails/rack/logger.rb:36:in `call_app'
railties (5.1.5) lib/rails/rack/logger.rb:24:in `block in call'
activesupport (5.1.5) lib/active_support/tagged_logging.rb:69:in `block in tagged'
activesupport (5.1.5) lib/active_support/tagged_logging.rb:26:in `tagged'
activesupport (5.1.5) lib/active_support/tagged_logging.rb:69:in `tagged'
railties (5.1.5) lib/rails/rack/logger.rb:24:in `call'
sprockets-rails (3.2.1) lib/sprockets/rails/quiet_assets.rb:13:in `call'
actionpack (5.1.5) lib/action_dispatch/middleware/remote_ip.rb:79:in `call'
actionpack (5.1.5) lib/action_dispatch/middleware/request_id.rb:25:in `call'
rack (2.0.4) lib/rack/method_override.rb:22:in `call'
rack (2.0.4) lib/rack/runtime.rb:22:in `call'
activesupport (5.1.5) lib/active_support/cache/strategy/local_cache_middleware.rb:27:in `call'
actionpack (5.1.5) lib/action_dispatch/middleware/executor.rb:12:in `call'
actionpack (5.1.5) lib/action_dispatch/middleware/static.rb:125:in `call'
rack (2.0.4) lib/rack/sendfile.rb:111:in `call'
railties (5.1.5) lib/rails/engine.rb:522:in `call'
puma (3.11.2) lib/puma/configuration.rb:225:in `call'
puma (3.11.2) lib/puma/server.rb:624:in `handle_request'
puma (3.11.2) lib/puma/server.rb:438:in `process_client'
puma (3.11.2) lib/puma/server.rb:302:in `block in run'
puma (3.11.2) lib/puma/thread_pool.rb:120:in `block in spawn_thread'
Started GET "/blogs/new" for 127.0.0.1 at 2018-02-20 12:33:18 -0500
  [1m[35m (0.1ms)[0m  [1m[34mSELECT "schema_migrations"."version" FROM "schema_migrations" ORDER BY "schema_migrations"."version" ASC[0m
  
ActionController::RoutingError (No route matches [GET] "/blogs/new"):
  
actionpack (5.1.5) lib/action_dispatch/middleware/debug_exceptions.rb:63:in `call'
web-console (3.5.1) lib/web_console/middleware.rb:135:in `call_app'
web-console (3.5.1) lib/web_console/middleware.rb:28:in `block in call'
web-console (3.5.1) lib/web_console/middleware.rb:18:in `catch'
web-console (3.5.1) lib/web_console/middleware.rb:18:in `call'
actionpack (5.1.5) lib/action_dispatch/middleware/show_exceptions.rb:31:in `call'
railties (5.1.5) lib/rails/rack/logger.rb:36:in `call_app'
railties (5.1.5) lib/rails/rack/logger.rb:24:in `block in call'
activesupport (5.1.5) lib/active_support/tagged_logging.rb:69:in `block in tagged'
activesupport (5.1.5) lib/active_support/tagged_logging.rb:26:in `tagged'
activesupport (5.1.5) lib/active_support/tagged_logging.rb:69:in `tagged'
railties (5.1.5) lib/rails/rack/logger.rb:24:in `call'
sprockets-rails (3.2.1) lib/sprockets/rails/quiet_assets.rb:13:in `call'
actionpack (5.1.5) lib/action_dispatch/middleware/remote_ip.rb:79:in `call'
actionpack (5.1.5) lib/action_dispatch/middleware/request_id.rb:25:in `call'
rack (2.0.4) lib/rack/method_override.rb:22:in `call'
rack (2.0.4) lib/rack/runtime.rb:22:in `call'
activesupport (5.1.5) lib/active_support/cache/strategy/local_cache_middleware.rb:27:in `call'
actionpack (5.1.5) lib/action_dispatch/middleware/executor.rb:12:in `call'
actionpack (5.1.5) lib/action_dispatch/middleware/static.rb:125:in `call'
rack (2.0.4) lib/rack/sendfile.rb:111:in `call'
railties (5.1.5) lib/rails/engine.rb:522:in `call'
puma (3.11.2) lib/puma/configuration.rb:225:in `call'
puma (3.11.2) lib/puma/server.rb:624:in `handle_request'
puma (3.11.2) lib/puma/server.rb:438:in `process_client'
puma (3.11.2) lib/puma/server.rb:302:in `block in run'
puma (3.11.2) lib/puma/thread_pool.rb:120:in `block in spawn_thread'
